<?xml version="1.0" encoding="UTF-8"?>
<!-- Generated by org.testng.reporters.JUnitReportReporter -->
<testsuite hostname="DESKTOP-74NAGSF" failures="0" tests="4" name="api.test.UserTests2Props" time="12.590" errors="0" timestamp="2023-02-07T18:07:13 IST" skipped="0">
  <testcase classname="api.test.UserTests2Props" name="testPostUser" time="5.491"/>
  <system-out/>
  <testcase classname="api.test.UserTests2Props" name="testGetUserByName" time="1.908"/>
  <system-out/>
  <testcase classname="api.test.UserTests2Props" name="testUpdateUserByName" time="3.455"/>
  <system-out/>
  <testcase classname="api.test.UserTests2Props" name="testDeleteUserByName" time="1.736"/>
  <system-out/>
</testsuite> <!-- api.test.UserTests2Props -->
