<?xml version="1.0" encoding="UTF-8"?>
<!-- Generated by org.testng.reporters.JUnitReportReporter -->
<testsuite hostname="DESKTOP-74NAGSF" failures="0" tests="9" name="api.test.DDTests" time="15.138" errors="0" timestamp="2023-02-07T13:05:25 IST" skipped="0">
  <testcase classname="api.test.DDTests" name="testPostUser" time="1.628"/>
  <system-out/>
  <testcase classname="api.test.DDTests" name="testPostUser" time="1.745"/>
  <system-out/>
  <testcase classname="api.test.DDTests" name="testPostUser" time="1.589"/>
  <system-out/>
  <testcase classname="api.test.DDTests" name="testGetUserByName" time="1.734"/>
  <system-out/>
  <testcase classname="api.test.DDTests" name="testGetUserByName" time="1.711"/>
  <system-out/>
  <testcase classname="api.test.DDTests" name="testGetUserByName" time="1.638"/>
  <system-out/>
  <testcase classname="api.test.DDTests" name="testDeleteUserByName" time="1.738"/>
  <system-out/>
  <testcase classname="api.test.DDTests" name="testDeleteUserByName" time="1.618"/>
  <system-out/>
  <testcase classname="api.test.DDTests" name="testDeleteUserByName" time="1.737"/>
  <system-out/>
</testsuite> <!-- api.test.DDTests -->
