<?xml version="1.0" encoding="UTF-8"?>
<!-- Generated by org.testng.reporters.JUnitReportReporter -->
<testsuite hostname="DESKTOP-74NAGSF" failures="0" tests="4" name="api.test.UserTests" time="9.027" errors="0" timestamp="2023-02-07T13:49:25 IST" skipped="0">
  <testcase classname="api.test.UserTests" name="testPostUser" time="3.594"/>
  <system-out/>
  <testcase classname="api.test.UserTests" name="testGetUserByName" time="1.374"/>
  <system-out/>
  <testcase classname="api.test.UserTests" name="testUpdateUserByName" time="2.709"/>
  <system-out/>
  <testcase classname="api.test.UserTests" name="testDeleteUserByName" time="1.350"/>
  <system-out/>
</testsuite> <!-- api.test.UserTests -->
